29/05/2020 11.53.45	This log contains information about the import schema operation into project 'GradeBookDB' on computer 'MASSIDDA' by user 'MASSIDDA'.
29/05/2020 11.53.45	Import of database schema has started.
29/05/2020 11.53.56	Gathering database credentials
29/05/2020 11.53.56	Gathering database options
29/05/2020 11.53.56	Gathering users
29/05/2020 11.53.56	Gathering roles
29/05/2020 11.53.56	Gathering application roles
29/05/2020 11.53.56	Gathering role memberships
29/05/2020 11.53.56	Gathering filegroups
29/05/2020 11.53.56	Gathering full-text catalogs
29/05/2020 11.53.56	Gathering assemblies
29/05/2020 11.53.56	Gathering certificates
29/05/2020 11.53.57	Gathering asymmetric keys
29/05/2020 11.53.57	Gathering symmetric keys
29/05/2020 11.53.57	Gathering encrypted symmetric keys
29/05/2020 11.53.57	Gathering schemas
29/05/2020 11.53.57	Gathering XML schema collections
29/05/2020 11.53.57	Gathering user-defined data types
29/05/2020 11.53.57	Gathering user-defined types
29/05/2020 11.53.57	Gathering table types
29/05/2020 11.53.57	Gathering unique keys for table types
29/05/2020 11.53.57	Gathering primary keys for table types
29/05/2020 11.53.57	Gathering indexes for table types
29/05/2020 11.53.57	Gathering check constraints for table types
29/05/2020 11.53.57	Gathering default constraints for table types
29/05/2020 11.53.57	Gathering partition functions
29/05/2020 11.53.57	Gathering partition schemes
29/05/2020 11.55.00	Gathering functions
29/05/2020 11.55.00	Gathering encrypted functions
29/05/2020 11.55.01	Gathering aggregates
29/05/2020 11.55.02	Gathering procedures
29/05/2020 11.55.02	Gathering encrypted procedures
29/05/2020 11.55.03	Gathering tables
29/05/2020 11.55.03	Gathering primary keys
29/05/2020 11.55.04	Gathering unique constraints
29/05/2020 11.55.04	Gathering foreign keys
29/05/2020 11.55.04	Gathering default constraints
29/05/2020 11.55.04	Gathering check constraints
29/05/2020 11.55.05	Gathering views
29/05/2020 11.55.05	Gathering encrypted views
29/05/2020 11.55.05	Gathering indexes
29/05/2020 11.55.05	Gathering statistics
29/05/2020 11.55.05	Gathering full-text index stoplists
29/05/2020 11.55.05	Gathering search property lists
29/05/2020 11.55.05	Gathering search properties
29/05/2020 11.55.05	Gathering full-text indexes
29/05/2020 11.55.05	Gathering column store indexes
29/05/2020 11.55.06	Gathering spatial indexes
29/05/2020 11.55.06	Gathering XML indexes
29/05/2020 11.55.06	Gathering Selective XML indexes
29/05/2020 11.55.07	Gathering encrypted triggers
29/05/2020 11.55.07	Gathering triggers
29/05/2020 11.55.07	Gathering encrypted and clr ddl triggers
29/05/2020 11.55.08	Gathering ddl triggers
29/05/2020 11.55.08	Gathering synonyms
29/05/2020 11.55.08	Gathering defaults
29/05/2020 11.55.08	Gathering data constraint uddt bindings
29/05/2020 11.55.09	Gathering rules
29/05/2020 11.55.09	Gathering data constraint uddt bindings
29/05/2020 11.55.09	Gathering message types
29/05/2020 11.55.09	Gathering queues
29/05/2020 11.55.09	Gathering contracts
29/05/2020 11.55.09	Gathering services
29/05/2020 11.55.09	Gathering event notifications
29/05/2020 11.55.09	Gathering remote service bindings
29/05/2020 11.55.09	Gathering broker priorities
29/05/2020 11.55.09	Gathering signatures
29/05/2020 11.55.10	Gathering data compression options
29/05/2020 11.55.10	Gathering sequence types
29/05/2020 11.55.10	Gathering security policies
29/05/2020 11.55.10	Gather column encryption keys
29/05/2020 11.55.10	Gathering column master keys
29/05/2020 11.55.10	Gathering external data sources
29/05/2020 11.55.10	Gathering external file formats
29/05/2020 11.55.11	Gathering external tables
29/05/2020 11.55.11	Gathering extended properties
29/05/2020 11.55.13	Gathering credentials
29/05/2020 11.55.13	Gathering logins
29/05/2020 11.55.13	Gathering server audits
29/05/2020 11.55.14	Scanning project for duplicate elements
29/05/2020 11.55.14	Finished duplicate element processing
29/05/2020 11.55.14	Finished importing database.
29/05/2020 11.55.14	A summary of the import was saved to the following location: C:\Git\CsharpExercise\MVC\GradeBookDB\Import Schema Logs\GradeBookDB_20200529095345.log
29/05/2020 11.55.14	Click Finish to continue...
